0 info it worked if it ends with ok
1 verbose cli [ 'node', '/usr/local/bin/npm', 'install', 'gulp' ]
2 info using npm@1.4.14
3 info using node@v0.10.29
4 verbose cache add [ 'gulp', null ]
5 verbose cache add name=undefined spec="gulp" args=["gulp",null]
6 verbose parsed url { protocol: null,
6 verbose parsed url   slashes: null,
6 verbose parsed url   auth: null,
6 verbose parsed url   host: null,
6 verbose parsed url   port: null,
6 verbose parsed url   hostname: null,
6 verbose parsed url   hash: null,
6 verbose parsed url   search: null,
6 verbose parsed url   query: null,
6 verbose parsed url   pathname: 'gulp',
6 verbose parsed url   path: 'gulp',
6 verbose parsed url   href: 'gulp' }
7 silly lockFile 9750c68d-gulp gulp
8 verbose lock gulp /Users/slavomirvojacek/.npm/9750c68d-gulp.lock
9 silly lockFile 9750c68d-gulp gulp
10 silly lockFile 9750c68d-gulp gulp
11 verbose addNamed [ 'gulp', '' ]
12 verbose addNamed [ null, '*' ]
13 silly lockFile 72f4391e-gulp gulp@
14 verbose lock gulp@ /Users/slavomirvojacek/.npm/72f4391e-gulp.lock
15 silly addNameRange { name: 'gulp', range: '*', hasData: false }
16 verbose url raw gulp
17 verbose url resolving [ 'https://registry.npmjs.org/', './gulp' ]
18 verbose url resolved https://registry.npmjs.org/gulp
19 info trying registry request attempt 1 at 20:27:49
20 verbose etag "40RS8BCTW3KNYFJVG3CEQPCHR"
21 http GET https://registry.npmjs.org/gulp
22 http 200 https://registry.npmjs.org/gulp
23 silly registry.get cb [ 200,
23 silly registry.get   { date: 'Thu, 07 Aug 2014 19:27:50 GMT',
23 silly registry.get     server: 'CouchDB/1.5.0 (Erlang OTP/R16B03)',
23 silly registry.get     etag: '"4FSODQ5R2040NKVED4XPMZAJD"',
23 silly registry.get     'content-type': 'application/json',
23 silly registry.get     'cache-control': 'max-age=60',
23 silly registry.get     'content-length': '87913',
23 silly registry.get     'accept-ranges': 'bytes',
23 silly registry.get     via: '1.1 varnish',
23 silly registry.get     age: '95',
23 silly registry.get     'x-served-by': 'cache-fra1235-FRA',
23 silly registry.get     'x-cache': 'HIT',
23 silly registry.get     'x-cache-hits': '1',
23 silly registry.get     'x-timer': 'S1407439670.728001,VS0,VE110',
23 silly registry.get     vary: 'Accept',
23 silly registry.get     'keep-alive': 'timeout=10, max=50',
23 silly registry.get     connection: 'Keep-Alive' } ]
24 silly addNameRange number 2 { name: 'gulp', range: '*', hasData: true }
25 silly addNameRange versions [ 'gulp',
25 silly addNameRange   [ '0.0.1',
25 silly addNameRange     '0.0.2',
25 silly addNameRange     '0.0.3',
25 silly addNameRange     '0.0.4',
25 silly addNameRange     '0.0.5',
25 silly addNameRange     '0.0.7',
25 silly addNameRange     '0.0.8',
25 silly addNameRange     '0.0.9',
25 silly addNameRange     '0.1.0',
25 silly addNameRange     '0.2.0',
25 silly addNameRange     '1.0.0',
25 silly addNameRange     '1.1.0',
25 silly addNameRange     '1.2.0',
25 silly addNameRange     '1.2.1',
25 silly addNameRange     '2.0.0',
25 silly addNameRange     '2.0.1',
25 silly addNameRange     '2.1.0',
25 silly addNameRange     '2.2.0',
25 silly addNameRange     '2.3.0',
25 silly addNameRange     '2.4.0',
25 silly addNameRange     '2.4.1',
25 silly addNameRange     '2.6.0',
25 silly addNameRange     '2.6.1',
25 silly addNameRange     '2.7.0',
25 silly addNameRange     '3.0.0',
25 silly addNameRange     '3.1.1',
25 silly addNameRange     '3.1.2',
25 silly addNameRange     '3.1.3',
25 silly addNameRange     '3.1.4',
25 silly addNameRange     '3.2.0',
25 silly addNameRange     '3.2.1',
25 silly addNameRange     '3.2.2',
25 silly addNameRange     '3.2.3',
25 silly addNameRange     '3.2.4',
25 silly addNameRange     '3.2.5',
25 silly addNameRange     '3.3.0',
25 silly addNameRange     '3.3.1',
25 silly addNameRange     '3.3.2',
25 silly addNameRange     '3.3.4',
25 silly addNameRange     '3.4.0',
25 silly addNameRange     '3.5.0',
25 silly addNameRange     '3.5.1',
25 silly addNameRange     '3.5.2',
25 silly addNameRange     '3.5.5',
25 silly addNameRange     '3.5.6',
25 silly addNameRange     '3.6.0',
25 silly addNameRange     '3.6.1',
25 silly addNameRange     '3.6.2',
25 silly addNameRange     '3.7.0',
25 silly addNameRange     '3.8.0',
25 silly addNameRange     '3.8.1',
25 silly addNameRange     '3.8.2',
25 silly addNameRange     '3.8.3',
25 silly addNameRange     '3.8.4',
25 silly addNameRange     '3.8.5',
25 silly addNameRange     '3.8.6',
25 silly addNameRange     '3.8.7' ] ]
26 verbose addNamed [ 'gulp', '3.8.7' ]
27 verbose addNamed [ '3.8.7', '3.8.7' ]
28 silly lockFile 6c754736-gulp-3-8-7 gulp@3.8.7
29 verbose lock gulp@3.8.7 /Users/slavomirvojacek/.npm/6c754736-gulp-3-8-7.lock
30 silly lockFile 6c754736-gulp-3-8-7 gulp@3.8.7
31 silly lockFile 6c754736-gulp-3-8-7 gulp@3.8.7
32 silly lockFile 72f4391e-gulp gulp@
33 silly lockFile 72f4391e-gulp gulp@
34 silly resolved [ { name: 'gulp',
34 silly resolved     description: 'The streaming build system',
34 silly resolved     version: '3.8.7',
34 silly resolved     homepage: 'http://gulpjs.com',
34 silly resolved     repository: { type: 'git', url: 'https://github.com/gulpjs/gulp' },
34 silly resolved     author:
34 silly resolved      { name: 'Fractal',
34 silly resolved        email: 'contact@wearefractal.com',
34 silly resolved        url: 'http://wearefractal.com/' },
34 silly resolved     tags: [ 'build', 'stream', 'system', 'make', 'tool', 'asset', 'pipeline' ],
34 silly resolved     files: [ 'index.js', 'lib', 'bin', 'completion' ],
34 silly resolved     bin: { gulp: './bin/gulp.js' },
34 silly resolved     man: [ 'gulp.1' ],
34 silly resolved     dependencies:
34 silly resolved      { archy: '^0.0.2',
34 silly resolved        chalk: '^0.5.0',
34 silly resolved        deprecated: '^0.0.1',
34 silly resolved        'gulp-util': '^3.0.0',
34 silly resolved        interpret: '^0.3.2',
34 silly resolved        liftoff: '^0.12.0',
34 silly resolved        minimist: '^0.2.0',
34 silly resolved        orchestrator: '^0.3.0',
34 silly resolved        'pretty-hrtime': '^0.2.0',
34 silly resolved        semver: '^3.0.1',
34 silly resolved        tildify: '^0.2.0',
34 silly resolved        'vinyl-fs': '^0.3.0' },
34 silly resolved     devDependencies:
34 silly resolved      { coveralls: '^2.7.0',
34 silly resolved        'graceful-fs': '^3.0.0',
34 silly resolved        istanbul: '^0.3.0',
34 silly resolved        jshint: '^2.5.0',
34 silly resolved        'jshint-stylish': '^0.4.0',
34 silly resolved        'marked-man': '^0.1.3',
34 silly resolved        mkdirp: '^0.5.0',
34 silly resolved        mocha: '^1.17.0',
34 silly resolved        'mocha-lcov-reporter': '^0.0.1',
34 silly resolved        q: '^1.0.0',
34 silly resolved        rimraf: '^2.2.5',
34 silly resolved        should: '^4.0.0' },
34 silly resolved     scripts:
34 silly resolved      { prepublish: 'marked-man --name gulp docs/CLI.md > gulp.1',
34 silly resolved        lint: 'jshint lib bin index.js --reporter node_modules/jshint-stylish/stylish.js --exclude node_modules',
34 silly resolved        test: 'npm run-script lint && mocha --reporter spec',
34 silly resolved        coveralls: 'istanbul cover _mocha --report lcovonly -- -R spec && cat ./coverage/lcov.info | coveralls && rm -rf ./coverage' },
34 silly resolved     engineStrict: true,
34 silly resolved     engines: { node: '>= 0.9' },
34 silly resolved     licenses: [ [Object] ],
34 silly resolved     gitHead: 'edcf732456409b7b8df9861b1108acbf866e5a39',
34 silly resolved     bugs: { url: 'https://github.com/gulpjs/gulp/issues' },
34 silly resolved     _id: 'gulp@3.8.7',
34 silly resolved     _shasum: '187e5316d65aa5188de447b41b3c0ee9bf322be1',
34 silly resolved     _from: 'gulp@',
34 silly resolved     _npmVersion: '1.5.0-alpha-1',
34 silly resolved     _npmUser: { name: 'fractal', email: 'contact@wearefractal.com' },
34 silly resolved     maintainers: [ [Object] ],
34 silly resolved     dist:
34 silly resolved      { shasum: '187e5316d65aa5188de447b41b3c0ee9bf322be1',
34 silly resolved        tarball: 'http://registry.npmjs.org/gulp/-/gulp-3.8.7.tgz' },
34 silly resolved     directories: {},
34 silly resolved     _resolved: 'https://registry.npmjs.org/gulp/-/gulp-3.8.7.tgz',
34 silly resolved     readme: 'ERROR: No README data found!' } ]
35 info install gulp@3.8.7 into /Users/slavomirvojacek/Dropbox (Personal)/Work/svApp
36 info installOne gulp@3.8.7
37 info /Users/slavomirvojacek/Dropbox (Personal)/Work/svApp/node_modules/gulp unbuild
38 info preuninstall gulp@3.8.6
39 info uninstall gulp@3.8.6
40 verbose true,/Users/slavomirvojacek/Dropbox (Personal)/Work/svApp/node_modules,/Users/slavomirvojacek/Dropbox (Personal)/Work/svApp/node_modules unbuild gulp@3.8.6
41 verbose /Users/slavomirvojacek/Dropbox (Personal)/Work/svApp/node_modules/.bin,[object Object] binRoot
42 info /Users/slavomirvojacek/Dropbox (Personal)/Work/svApp/node_modules/gulp unbuild
43 info preuninstall gulp@3.8.6
44 info uninstall gulp@3.8.6
45 verbose true,/Users/slavomirvojacek/Dropbox (Personal)/Work/svApp/node_modules,/Users/slavomirvojacek/Dropbox (Personal)/Work/svApp/node_modules unbuild gulp@3.8.6
46 verbose /Users/slavomirvojacek/Dropbox (Personal)/Work/svApp/node_modules/.bin,[object Object] binRoot
47 info postuninstall gulp@3.8.6
48 error Refusing to delete: /Users/slavomirvojacek/Dropbox (Personal)/Work/svApp/node_modules/.bin/gulp not in /Users/slavomirvojacek/Dropbox (Personal)/Work/svApp/node_modules/gulp
File exists: /Users/slavomirvojacek/Dropbox (Personal)/Work/svApp/node_modules/.bin/gulp
Move it away, and try again.
49 error System Darwin 14.0.0
50 error command "node" "/usr/local/bin/npm" "install" "gulp"
51 error cwd /Users/slavomirvojacek/Dropbox (Personal)/Work/svApp
52 error node -v v0.10.29
53 error npm -v 1.4.14
54 error path /Users/slavomirvojacek/Dropbox (Personal)/Work/svApp/node_modules/.bin/gulp
55 error code EEXIST
56 verbose exit [ 1, true ]
